<?xml version="1.0" encoding="utf-8"?><testsuites name="pytest tests"><testsuite name="pytest" errors="0" failures="0" skipped="0" tests="6" time="2.185" timestamp="2026-08-01T11:26:59.418417+00:00" hostname="agent-env-7f014f9a-41f4-443d-9395-a41434a63c39"><testcase classname="tests.test_admin_abandoned" name="test_admin_orders_list" time="0.382" /><testcase classname="tests.test_admin_abandoned" name="test_admin_patch_order_status" time="0.997" /><testcase classname="tests.test_admin_abandoned" name="test_admin_patch_order_status_404" time="0.052" /><testcase classname="tests.test_admin_abandoned" name="test_abandoned_cart_upsert_and_list" time="0.138" /><testcase classname="tests.test_admin_abandoned" name="test_abandoned_cart_empty_items_noop" time="0.044" /><testcase classname="tests.test_admin_abandoned" name="test_admin_stats" time="0.046" /></testsuite></testsuites>