<?xml version="1.0" encoding="utf-8"?><testsuites name="pytest tests"><testsuite name="pytest" errors="0" failures="1" skipped="0" tests="17" time="2.570" timestamp="2026-08-01T11:48:11.143824+00:00" hostname="agent-env-7f014f9a-41f4-443d-9395-a41434a63c39"><testcase classname="tests.test_admin_auth.TestAdminProtection" name="test_orders_no_token" time="0.286" /><testcase classname="tests.test_admin_auth.TestAuth" name="test_login_success" time="0.519" /><testcase classname="tests.test_admin_auth.TestAuth" name="test_login_wrong_password" time="0.508" /><testcase classname="tests.test_admin_auth.TestAdminProtection" name="test_orders_with_token" time="0.746" /><testcase classname="tests.test_admin_auth.TestAuth" name="test_login_unknown_email" time="0.101" /><testcase classname="tests.test_admin_auth.TestAdminProtection" name="test_stats_no_token" time="0.145" /><testcase classname="tests.test_admin_auth.TestAuth" name="test_me_with_token" time="0.135" /><testcase classname="tests.test_admin_auth.TestAdminProtection" name="test_stats_with_token" time="0.129" /><testcase classname="tests.test_admin_auth.TestAuth" name="test_me_no_token" time="0.092" /><testcase classname="tests.test_admin_auth.TestAdminProtection" name="test_abandoned_carts_no_token" time="0.119"><failure message="AssertionError: Expected 401 but got 200: endpoint is unprotected!&#10;assert 200 == 401&#10; +  where 200 = &lt;Response [200]&gt;.status_code">backend/tests/test_admin_auth.py:81: in test_abandoned_carts_no_token
    assert r.status_code == 401, f"Expected 401 but got {r.status_code}: endpoint is unprotected!"
E   AssertionError: Expected 401 but got 200: endpoint is unprotected!
E   assert 200 == 401
E    +  where 200 = &lt;Response [200]&gt;.status_code</failure></testcase><testcase classname="tests.test_admin_auth.TestAuth" name="test_me_bad_token" time="0.091" /><testcase classname="tests.test_admin_auth.TestPublicRegression" name="test_products_public" time="0.097" /><testcase classname="tests.test_admin_auth.TestAdminProtection" name="test_abandoned_carts_with_token" time="0.131" /><testcase classname="tests.test_admin_auth.TestPublicRegression" name="test_create_order_public" time="0.133" /><testcase classname="tests.test_admin_auth.TestAdminProtection" name="test_patch_order_no_token" time="0.198" /><testcase classname="tests.test_admin_auth.TestPublicRegression" name="test_categories_public" time="0.099" /><testcase classname="tests.test_admin_auth.TestAdminProtection" name="test_patch_order_with_token" time="0.189" /></testsuite></testsuites>