<?xml version="1.0" encoding="utf-8"?><testsuites name="pytest tests"><testsuite name="pytest" errors="0" failures="0" skipped="0" tests="17" time="1.533" timestamp="2026-07-24T11:19:51.563610+00:00" hostname="agent-env-7f014f9a-41f4-443d-9395-a41434a63c39"><testcase classname="tests.backend_test.TestProducts" name="test_list_products" time="0.276" /><testcase classname="tests.backend_test.TestReviews" name="test_list_reviews" time="0.331" /><testcase classname="tests.backend_test.TestProducts" name="test_filter_category" time="0.044" /><testcase classname="tests.backend_test.TestProducts" name="test_filter_on_sale" time="0.046" /><testcase classname="tests.backend_test.TestReviews" name="test_create_review_and_persist" time="0.280" /><testcase classname="tests.backend_test.TestProducts" name="test_sort_price_asc" time="0.046" /><testcase classname="tests.backend_test.TestProducts" name="test_sort_price_desc" time="0.046" /><testcase classname="tests.backend_test.TestProducts" name="test_get_product_by_id" time="0.092" /><testcase classname="tests.backend_test.TestProducts" name="test_get_product_not_found" time="0.047" /><testcase classname="tests.backend_test.TestOrders" name="test_place_order" time="0.144" /><testcase classname="tests.backend_test.TestReviews" name="test_review_on_missing_product" time="0.047" /><testcase classname="tests.backend_test.TestNewsletter" name="test_subscribe" time="0.057" /><testcase classname="tests.backend_test.TestNewsletter" name="test_subscribe_duplicate" time="0.094" /><testcase classname="tests.backend_test.TestOrders" name="test_order_invalid_email" time="0.084" /><testcase classname="tests.backend_test.TestNewsletter" name="test_subscribe_invalid_email" time="0.045" /><testcase classname="tests.backend_test.TestCategories" name="test_categories" time="0.053" /><testcase classname="tests.backend_test.TestFAQs" name="test_faqs" time="0.093" /></testsuite></testsuites>