<?xml version="1.0" encoding="utf-8"?><testsuites name="pytest tests"><testsuite name="pytest" errors="0" failures="0" skipped="0" tests="7" time="2.963" timestamp="2026-07-31T18:54:50.192977+00:00" hostname="agent-env-7f014f9a-41f4-443d-9395-a41434a63c39"><testcase classname="tests.backend_test" name="test_products_load" time="0.323" /><testcase classname="tests.backend_test" name="test_payments_config" time="0.049" /><testcase classname="tests.backend_test" name="test_razorpay_order_fields" time="0.922" /><testcase classname="tests.backend_test" name="test_razorpay_order_persisted" time="0.015" /><testcase classname="tests.backend_test" name="test_razorpay_order_empty_cart" time="0.043" /><testcase classname="tests.backend_test" name="test_verify_success_and_persist" time="0.061" /><testcase classname="tests.backend_test" name="test_verify_invalid_signature" time="0.386" /></testsuite></testsuites>